This file contains any messages produced by compilers while
running configure, to aid debugging if configure makes a mistake.

It was created by iptables configure 1.6.0, which was
generated by GNU Autoconf 2.59.  Invocation command line was

  $ ./configure --disable-nftables --disable-ipv6 --prefix=/home/haizhi/download/iptables_igt/iptables-20160826/tmp_install

## --------- ##
## Platform. ##
## --------- ##

hostname = bogon
uname -m = x86_64
uname -r = 2.6.18-164.el5
uname -s = Linux
uname -v = #1 SMP Thu Sep 3 03:28:30 EDT 2009

/usr/bin/uname -p = unknown
/bin/uname -X     = unknown

/bin/arch              = x86_64
/usr/bin/arch -k       = unknown
/usr/convex/getsysinfo = unknown
hostinfo               = unknown
/bin/machine           = unknown
/usr/bin/oslevel       = unknown
/bin/universe          = unknown

PATH: /usr/kerberos/bin
PATH: /usr/local/bin
PATH: /bin
PATH: /usr/bin
PATH: /opt/crosstools_arm-linux-4.3.3/bin
PATH: /home/haizhi/bin


## ----------- ##
## Core tests. ##
## ----------- ##

configure:1635: checking for a BSD-compatible install
configure:1690: result: /usr/bin/install -c
configure:1702: checking whether build environment is sane
configure:1745: result: yes
configure:1810: checking for gawk
configure:1826: found /bin/gawk
configure:1836: result: gawk
configure:1846: checking whether make sets $(MAKE)
configure:1866: result: yes
configure:2080: checking for gcc
configure:2096: found /usr/bin/gcc
configure:2106: result: gcc
configure:2350: checking for C compiler version
configure:2353: gcc --version </dev/null >&5
gcc (GCC) 4.1.2 20080704 (Red Hat 4.1.2-46)
Copyright (C) 2006 Free Software Foundation, Inc.
This is free software; see the source for copying conditions.  There is NO
warranty; not even for MERCHANTABILITY or FITNESS FOR A PARTICULAR PURPOSE.

configure:2356: $? = 0
configure:2358: gcc -v </dev/null >&5
Using built-in specs.
Target: x86_64-redhat-linux
Configured with: ../configure --prefix=/usr --mandir=/usr/share/man --infodir=/usr/share/info --enable-shared --enable-threads=posix --enable-checking=release --with-system-zlib --enable-__cxa_atexit --disable-libunwind-exceptions --enable-libgcj-multifile --enable-languages=c,c++,objc,obj-c++,java,fortran,ada --enable-java-awt=gtk --disable-dssi --enable-plugin --with-java-home=/usr/lib/jvm/java-1.4.2-gcj-1.4.2.0/jre --with-cpu=generic --host=x86_64-redhat-linux
Thread model: posix
gcc version 4.1.2 20080704 (Red Hat 4.1.2-46)
configure:2361: $? = 0
configure:2363: gcc -V </dev/null >&5
gcc: '-V' option must have argument
configure:2366: $? = 1
configure:2389: checking for C compiler default output file name
configure:2392: gcc    conftest.c  >&5
configure:2395: $? = 0
configure:2441: result: a.out
configure:2446: checking whether the C compiler works
configure:2452: ./a.out
configure:2455: $? = 0
configure:2472: result: yes
configure:2479: checking whether we are cross compiling
configure:2481: result: no
configure:2484: checking for suffix of executables
configure:2486: gcc -o conftest    conftest.c  >&5
configure:2489: $? = 0
configure:2514: result: 
configure:2520: checking for suffix of object files
configure:2541: gcc -c   conftest.c >&5
configure:2544: $? = 0
configure:2566: result: o
configure:2570: checking whether we are using the GNU C compiler
configure:2594: gcc -c   conftest.c >&5
configure:2600: $? = 0
configure:2604: test -z 
			 || test ! -s conftest.err
configure:2607: $? = 0
configure:2610: test -s conftest.o
configure:2613: $? = 0
configure:2626: result: yes
configure:2632: checking whether gcc accepts -g
configure:2653: gcc -c -g  conftest.c >&5
configure:2659: $? = 0
configure:2663: test -z 
			 || test ! -s conftest.err
configure:2666: $? = 0
configure:2669: test -s conftest.o
configure:2672: $? = 0
configure:2683: result: yes
configure:2700: checking for gcc option to accept ANSI C
configure:2770: gcc  -c -g -O2  conftest.c >&5
configure:2776: $? = 0
configure:2780: test -z 
			 || test ! -s conftest.err
configure:2783: $? = 0
configure:2786: test -s conftest.o
configure:2789: $? = 0
configure:2807: result: none needed
configure:2825: gcc -c -g -O2  conftest.c >&5
conftest.c:2: error: expected '=', ',', ';', 'asm' or '__attribute__' before 'me'
configure:2831: $? = 1
configure: failed program was:
| #ifndef __cplusplus
|   choke me
| #endif
configure:2975: checking for style of include used by make
configure:3003: result: GNU
configure:3031: checking dependency style of gcc
configure:3121: result: gcc3
configure:3139: checking whether gcc and cc understand -c and -o together
configure:3169: gcc -c conftest.c -o conftest.o >&5
configure:3172: $? = 0
configure:3174: gcc -c conftest.c -o conftest.o >&5
configure:3177: $? = 0
configure:3184: cc -c conftest.c >&5
configure:3187: $? = 0
configure:3190: cc -c conftest.c -o conftest.o >&5
configure:3193: $? = 0
configure:3195: cc -c conftest.c -o conftest.o >&5
configure:3198: $? = 0
configure:3216: result: yes
configure:3321: checking build system type
configure:3339: result: x86_64-unknown-linux-gnu
configure:3347: checking host system type
configure:3361: result: x86_64-unknown-linux-gnu
configure:3369: checking for a sed that does not truncate output
configure:3425: result: /bin/sed
configure:3428: checking for egrep
configure:3438: result: grep -E
configure:3454: checking for ld used by gcc
configure:3521: result: /usr/bin/ld
configure:3530: checking if the linker (/usr/bin/ld) is GNU ld
configure:3545: result: yes
configure:3550: checking for /usr/bin/ld option to reload object files
configure:3557: result: -r
configure:3575: checking for BSD-compatible nm
configure:3624: result: /usr/bin/nm -B
configure:3628: checking whether ln -s works
configure:3632: result: yes
configure:3639: checking how to recognise dependent libraries
configure:3815: result: pass_all
configure:3903: gcc -c -g -O2  conftest.c >&5
configure:3906: $? = 0
configure:4052: checking how to run the C preprocessor
configure:4087: gcc -E  conftest.c
configure:4093: $? = 0
configure:4125: gcc -E  conftest.c
conftest.c:11:28: error: ac_nonexistent.h: No such file or directory
configure:4131: $? = 1
configure: failed program was:
| /* confdefs.h.  */
| 
| #define PACKAGE_NAME "iptables"
| #define PACKAGE_TARNAME "iptables"
| #define PACKAGE_VERSION "1.6.0"
| #define PACKAGE_STRING "iptables 1.6.0"
| #define PACKAGE_BUGREPORT ""
| #define PACKAGE "iptables"
| #define VERSION "1.6.0"
| /* end confdefs.h.  */
| #include <ac_nonexistent.h>
configure:4170: result: gcc -E
configure:4194: gcc -E  conftest.c
configure:4200: $? = 0
configure:4232: gcc -E  conftest.c
conftest.c:11:28: error: ac_nonexistent.h: No such file or directory
configure:4238: $? = 1
configure: failed program was:
| /* confdefs.h.  */
| 
| #define PACKAGE_NAME "iptables"
| #define PACKAGE_TARNAME "iptables"
| #define PACKAGE_VERSION "1.6.0"
| #define PACKAGE_STRING "iptables 1.6.0"
| #define PACKAGE_BUGREPORT ""
| #define PACKAGE "iptables"
| #define VERSION "1.6.0"
| /* end confdefs.h.  */
| #include <ac_nonexistent.h>
configure:4282: checking for ANSI C header files
configure:4307: gcc -c -g -O2  conftest.c >&5
configure:4313: $? = 0
configure:4317: test -z 
			 || test ! -s conftest.err
configure:4320: $? = 0
configure:4323: test -s conftest.o
configure:4326: $? = 0
configure:4415: gcc -o conftest -g -O2   conftest.c  >&5
conftest.c: In function 'main':
conftest.c:28: warning: incompatible implicit declaration of built-in function 'exit'
configure:4418: $? = 0
configure:4420: ./conftest
configure:4423: $? = 0
configure:4438: result: yes
configure:4462: checking for sys/types.h
configure:4478: gcc -c -g -O2  conftest.c >&5
configure:4484: $? = 0
configure:4488: test -z 
			 || test ! -s conftest.err
configure:4491: $? = 0
configure:4494: test -s conftest.o
configure:4497: $? = 0
configure:4508: result: yes
configure:4462: checking for sys/stat.h
configure:4478: gcc -c -g -O2  conftest.c >&5
configure:4484: $? = 0
configure:4488: test -z 
			 || test ! -s conftest.err
configure:4491: $? = 0
configure:4494: test -s conftest.o
configure:4497: $? = 0
configure:4508: result: yes
configure:4462: checking for stdlib.h
configure:4478: gcc -c -g -O2  conftest.c >&5
configure:4484: $? = 0
configure:4488: test -z 
			 || test ! -s conftest.err
configure:4491: $? = 0
configure:4494: test -s conftest.o
configure:4497: $? = 0
configure:4508: result: yes
configure:4462: checking for string.h
configure:4478: gcc -c -g -O2  conftest.c >&5
configure:4484: $? = 0
configure:4488: test -z 
			 || test ! -s conftest.err
configure:4491: $? = 0
configure:4494: test -s conftest.o
configure:4497: $? = 0
configure:4508: result: yes
configure:4462: checking for memory.h
configure:4478: gcc -c -g -O2  conftest.c >&5
configure:4484: $? = 0
configure:4488: test -z 
			 || test ! -s conftest.err
configure:4491: $? = 0
configure:4494: test -s conftest.o
configure:4497: $? = 0
configure:4508: result: yes
configure:4462: checking for strings.h
configure:4478: gcc -c -g -O2  conftest.c >&5
configure:4484: $? = 0
configure:4488: test -z 
			 || test ! -s conftest.err
configure:4491: $? = 0
configure:4494: test -s conftest.o
configure:4497: $? = 0
configure:4508: result: yes
configure:4462: checking for inttypes.h
configure:4478: gcc -c -g -O2  conftest.c >&5
configure:4484: $? = 0
configure:4488: test -z 
			 || test ! -s conftest.err
configure:4491: $? = 0
configure:4494: test -s conftest.o
configure:4497: $? = 0
configure:4508: result: yes
configure:4462: checking for stdint.h
configure:4478: gcc -c -g -O2  conftest.c >&5
configure:4484: $? = 0
configure:4488: test -z 
			 || test ! -s conftest.err
configure:4491: $? = 0
configure:4494: test -s conftest.o
configure:4497: $? = 0
configure:4508: result: yes
configure:4462: checking for unistd.h
configure:4478: gcc -c -g -O2  conftest.c >&5
configure:4484: $? = 0
configure:4488: test -z 
			 || test ! -s conftest.err
configure:4491: $? = 0
configure:4494: test -s conftest.o
configure:4497: $? = 0
configure:4508: result: yes
configure:4534: checking dlfcn.h usability
configure:4546: gcc -c -g -O2  conftest.c >&5
configure:4552: $? = 0
configure:4556: test -z 
			 || test ! -s conftest.err
configure:4559: $? = 0
configure:4562: test -s conftest.o
configure:4565: $? = 0
configure:4575: result: yes
configure:4579: checking dlfcn.h presence
configure:4589: gcc -E  conftest.c
configure:4595: $? = 0
configure:4615: result: yes
configure:4650: checking for dlfcn.h
configure:4657: result: yes
configure:4722: checking for g++
configure:4738: found /usr/bin/g++
configure:4748: result: g++
configure:4764: checking for C++ compiler version
configure:4767: g++ --version </dev/null >&5
g++ (GCC) 4.1.2 20080704 (Red Hat 4.1.2-46)
Copyright (C) 2006 Free Software Foundation, Inc.
This is free software; see the source for copying conditions.  There is NO
warranty; not even for MERCHANTABILITY or FITNESS FOR A PARTICULAR PURPOSE.

configure:4770: $? = 0
configure:4772: g++ -v </dev/null >&5
Using built-in specs.
Target: x86_64-redhat-linux
Configured with: ../configure --prefix=/usr --mandir=/usr/share/man --infodir=/usr/share/info --enable-shared --enable-threads=posix --enable-checking=release --with-system-zlib --enable-__cxa_atexit --disable-libunwind-exceptions --enable-libgcj-multifile --enable-languages=c,c++,objc,obj-c++,java,fortran,ada --enable-java-awt=gtk --disable-dssi --enable-plugin --with-java-home=/usr/lib/jvm/java-1.4.2-gcj-1.4.2.0/jre --with-cpu=generic --host=x86_64-redhat-linux
Thread model: posix
gcc version 4.1.2 20080704 (Red Hat 4.1.2-46)
configure:4775: $? = 0
configure:4777: g++ -V </dev/null >&5
g++: '-V' option must have argument
configure:4780: $? = 1
configure:4783: checking whether we are using the GNU C++ compiler
configure:4807: g++ -c   conftest.cc >&5
configure:4813: $? = 0
configure:4817: test -z 
			 || test ! -s conftest.err
configure:4820: $? = 0
configure:4823: test -s conftest.o
configure:4826: $? = 0
configure:4839: result: yes
configure:4845: checking whether g++ accepts -g
configure:4866: g++ -c -g  conftest.cc >&5
configure:4872: $? = 0
configure:4876: test -z 
			 || test ! -s conftest.err
configure:4879: $? = 0
configure:4882: test -s conftest.o
configure:4885: $? = 0
configure:4896: result: yes
configure:4938: g++ -c -g -O2  conftest.cc >&5
configure:4944: $? = 0
configure:4948: test -z 
			 || test ! -s conftest.err
configure:4951: $? = 0
configure:4954: test -s conftest.o
configure:4957: $? = 0
configure:4983: g++ -c -g -O2  conftest.cc >&5
conftest.cc: In function 'int main()':
conftest.cc:26: error: 'exit' was not declared in this scope
configure:4989: $? = 1
configure: failed program was:
| /* confdefs.h.  */
| 
| #define PACKAGE_NAME "iptables"
| #define PACKAGE_TARNAME "iptables"
| #define PACKAGE_VERSION "1.6.0"
| #define PACKAGE_STRING "iptables 1.6.0"
| #define PACKAGE_BUGREPORT ""
| #define PACKAGE "iptables"
| #define VERSION "1.6.0"
| #define STDC_HEADERS 1
| #define HAVE_SYS_TYPES_H 1
| #define HAVE_SYS_STAT_H 1
| #define HAVE_STDLIB_H 1
| #define HAVE_STRING_H 1
| #define HAVE_MEMORY_H 1
| #define HAVE_STRINGS_H 1
| #define HAVE_INTTYPES_H 1
| #define HAVE_STDINT_H 1
| #define HAVE_UNISTD_H 1
| #define HAVE_DLFCN_H 1
| /* end confdefs.h.  */
| 
| int
| main ()
| {
| exit (42);
|   ;
|   return 0;
| }
configure:4938: g++ -c -g -O2  conftest.cc >&5
configure:4944: $? = 0
configure:4948: test -z 
			 || test ! -s conftest.err
configure:4951: $? = 0
configure:4954: test -s conftest.o
configure:4957: $? = 0
configure:4983: g++ -c -g -O2  conftest.cc >&5
configure:4989: $? = 0
configure:4993: test -z 
			 || test ! -s conftest.err
configure:4996: $? = 0
configure:4999: test -s conftest.o
configure:5002: $? = 0
configure:5027: checking dependency style of g++
configure:5117: result: gcc3
configure:5144: checking how to run the C++ preprocessor
configure:5175: g++ -E  conftest.cc
configure:5181: $? = 0
configure:5213: g++ -E  conftest.cc
conftest.cc:25:28: error: ac_nonexistent.h: No such file or directory
configure:5219: $? = 1
configure: failed program was:
| /* confdefs.h.  */
| 
| #define PACKAGE_NAME "iptables"
| #define PACKAGE_TARNAME "iptables"
| #define PACKAGE_VERSION "1.6.0"
| #define PACKAGE_STRING "iptables 1.6.0"
| #define PACKAGE_BUGREPORT ""
| #define PACKAGE "iptables"
| #define VERSION "1.6.0"
| #define STDC_HEADERS 1
| #define HAVE_SYS_TYPES_H 1
| #define HAVE_SYS_STAT_H 1
| #define HAVE_STDLIB_H 1
| #define HAVE_STRING_H 1
| #define HAVE_MEMORY_H 1
| #define HAVE_STRINGS_H 1
| #define HAVE_INTTYPES_H 1
| #define HAVE_STDINT_H 1
| #define HAVE_UNISTD_H 1
| #define HAVE_DLFCN_H 1
| #ifdef __cplusplus
| extern "C" void std::exit (int) throw (); using std::exit;
| #endif
| /* end confdefs.h.  */
| #include <ac_nonexistent.h>
configure:5258: result: g++ -E
configure:5282: g++ -E  conftest.cc
configure:5288: $? = 0
configure:5320: g++ -E  conftest.cc
conftest.cc:25:28: error: ac_nonexistent.h: No such file or directory
configure:5326: $? = 1
configure: failed program was:
| /* confdefs.h.  */
| 
| #define PACKAGE_NAME "iptables"
| #define PACKAGE_TARNAME "iptables"
| #define PACKAGE_VERSION "1.6.0"
| #define PACKAGE_STRING "iptables 1.6.0"
| #define PACKAGE_BUGREPORT ""
| #define PACKAGE "iptables"
| #define VERSION "1.6.0"
| #define STDC_HEADERS 1
| #define HAVE_SYS_TYPES_H 1
| #define HAVE_SYS_STAT_H 1
| #define HAVE_STDLIB_H 1
| #define HAVE_STRING_H 1
| #define HAVE_MEMORY_H 1
| #define HAVE_STRINGS_H 1
| #define HAVE_INTTYPES_H 1
| #define HAVE_STDINT_H 1
| #define HAVE_UNISTD_H 1
| #define HAVE_DLFCN_H 1
| #ifdef __cplusplus
| extern "C" void std::exit (int) throw (); using std::exit;
| #endif
| /* end confdefs.h.  */
| #include <ac_nonexistent.h>
configure:5423: checking for g77
configure:5452: result: no
configure:5423: checking for f77
configure:5452: result: no
configure:5423: checking for xlf
configure:5452: result: no
configure:5423: checking for frt
configure:5452: result: no
configure:5423: checking for pgf77
configure:5452: result: no
configure:5423: checking for fort77
configure:5452: result: no
configure:5423: checking for fl32
configure:5452: result: no
configure:5423: checking for af77
configure:5452: result: no
configure:5423: checking for f90
configure:5452: result: no
configure:5423: checking for xlf90
configure:5452: result: no
configure:5423: checking for pgf90
configure:5452: result: no
configure:5423: checking for epcf90
configure:5452: result: no
configure:5423: checking for f95
configure:5439: found /usr/bin/f95
configure:5449: result: f95
configure:5464: checking for Fortran 77 compiler version
configure:5467: f95 --version </dev/null >&5
GNU Fortran (GCC) 4.1.2 20080704 (Red Hat 4.1.2-46)
Copyright (C) 2007 Free Software Foundation, Inc.

GNU Fortran comes with NO WARRANTY, to the extent permitted by law.
You may redistribute copies of GNU Fortran
under the terms of the GNU General Public License.
For more information about these matters, see the file named COPYING

configure:5470: $? = 0
configure:5472: f95 -v </dev/null >&5
Using built-in specs.
Target: x86_64-redhat-linux
Configured with: ../configure --prefix=/usr --mandir=/usr/share/man --infodir=/usr/share/info --enable-shared --enable-threads=posix --enable-checking=release --with-system-zlib --enable-__cxa_atexit --disable-libunwind-exceptions --enable-libgcj-multifile --enable-languages=c,c++,objc,obj-c++,java,fortran,ada --enable-java-awt=gtk --disable-dssi --enable-plugin --with-java-home=/usr/lib/jvm/java-1.4.2-gcj-1.4.2.0/jre --with-cpu=generic --host=x86_64-redhat-linux
Thread model: posix
gcc version 4.1.2 20080704 (Red Hat 4.1.2-46)
configure:5475: $? = 0
configure:5477: f95 -V </dev/null >&5
f95: '-V' option must have argument
configure:5480: $? = 1
configure:5488: checking whether we are using the GNU Fortran 77 compiler
configure:5502: f95 -c  conftest.F >&5
configure:5508: $? = 0
configure:5512: test -z 
			 || test ! -s conftest.err
configure:5515: $? = 0
configure:5518: test -s conftest.o
configure:5521: $? = 0
configure:5534: result: yes
configure:5540: checking whether f95 accepts -g
configure:5552: f95 -c -g conftest.f >&5
configure:5558: $? = 0
configure:5562: test -z 
			 || test ! -s conftest.err
configure:5565: $? = 0
configure:5568: test -s conftest.o
configure:5571: $? = 0
configure:5583: result: yes
configure:5613: checking the maximum length of command line arguments
configure:5722: result: 32768
configure:5733: checking command to parse /usr/bin/nm -B output from gcc object
configure:5838: gcc -c -g -O2  conftest.c >&5
configure:5841: $? = 0
configure:5845: /usr/bin/nm -B conftest.o \| sed -n -e 's/^.*[ 	]\([ABCDGIRSTW][ABCDGIRSTW]*\)[ 	][ 	]*\([_A-Za-z][_A-Za-z0-9]*\)$/\1 \2 \2/p' \> conftest.nm
configure:5848: $? = 0
configure:5900: gcc -o conftest -g -O2   conftest.c conftstm.o >&5
configure:5903: $? = 0
configure:5941: result: ok
configure:5945: checking for objdir
configure:5960: result: .libs
configure:6050: checking for ar
configure:6066: found /usr/bin/ar
configure:6077: result: ar
configure:6130: checking for ranlib
configure:6146: found /usr/bin/ranlib
configure:6157: result: ranlib
configure:6210: checking for strip
configure:6226: found /usr/bin/strip
configure:6237: result: strip
configure:6509: checking if gcc supports -fno-rtti -fno-exceptions
configure:6527: gcc -c -g -O2  -fno-rtti -fno-exceptions conftest.c >&5
cc1: warning: command line option "-fno-rtti" is valid for C++/ObjC++ but not for C
configure:6531: $? = 0
configure:6544: result: no
configure:6559: checking for gcc option to produce PIC
configure:6769: result: -fPIC
configure:6777: checking if gcc PIC flag -fPIC works
configure:6795: gcc -c -g -O2  -fPIC -DPIC conftest.c >&5
configure:6799: $? = 0
configure:6812: result: yes
configure:6840: checking if gcc static flag -static works
configure:6868: result: yes
configure:6878: checking if gcc supports -c -o file.o
configure:6899: gcc -c -g -O2  -o out/conftest2.o conftest.c >&5
configure:6903: $? = 0
configure:6925: result: yes
configure:6951: checking whether the gcc linker (/usr/bin/ld -m elf_x86_64) supports shared libraries
configure:7909: result: yes
configure:7930: checking whether -lc should be explicitly linked in
configure:7935: gcc -c -g -O2  conftest.c >&5
configure:7938: $? = 0
configure:7953: gcc -shared conftest.o  -v -Wl,-soname -Wl,conftest -o conftest 2\>\&1 \| grep  -lc  \>/dev/null 2\>\&1
configure:7956: $? = 0
configure:7968: result: no
configure:7976: checking dynamic linker characteristics
configure:8369: gcc -c -g -O2  conftest.c >&5
configure:8372: $? = 0
configure:8585: result: GNU/Linux ld.so
configure:8594: checking how to hardcode library paths into programs
configure:8619: result: immediate
configure:8633: checking whether stripping libraries is possible
configure:8638: result: yes
configure:9472: checking if libtool supports shared libraries
configure:9474: result: yes
configure:9477: checking whether to build shared libraries
configure:9498: result: yes
configure:9501: checking whether to build static libraries
configure:9505: result: no
configure:9597: creating libtool
configure:10188: checking for ld used by g++
configure:10255: result: /usr/bin/ld -m elf_x86_64
configure:10264: checking if the linker (/usr/bin/ld -m elf_x86_64) is GNU ld
configure:10279: result: yes
configure:10330: checking whether the g++ linker (/usr/bin/ld -m elf_x86_64) supports shared libraries
configure:11268: result: yes
configure:11286: g++ -c -g -O2  conftest.cpp >&5
configure:11289: $? = 0
configure:11408: checking for g++ option to produce PIC
configure:11682: result: -fPIC
configure:11690: checking if g++ PIC flag -fPIC works
configure:11708: g++ -c -g -O2  -fPIC -DPIC conftest.cpp >&5
configure:11712: $? = 0
configure:11725: result: yes
configure:11753: checking if g++ static flag -static works
configure:11781: result: yes
configure:11791: checking if g++ supports -c -o file.o
configure:11812: g++ -c -g -O2  -o out/conftest2.o conftest.cpp >&5
configure:11816: $? = 0
configure:11838: result: yes
configure:11864: checking whether the g++ linker (/usr/bin/ld -m elf_x86_64) supports shared libraries
configure:11889: result: yes
configure:11956: checking dynamic linker characteristics
configure:12349: g++ -c -g -O2  conftest.cpp >&5
configure:12352: $? = 0
configure:12565: result: GNU/Linux ld.so
configure:12574: checking how to hardcode library paths into programs
configure:12599: result: immediate
configure:13128: checking if libtool supports shared libraries
configure:13130: result: yes
configure:13133: checking whether to build shared libraries
configure:13153: result: yes
configure:13156: checking whether to build static libraries
configure:13160: result: no
configure:13170: checking for f95 option to produce PIC
configure:13380: result: -fPIC
configure:13388: checking if f95 PIC flag -fPIC works
configure:13406: f95 -c -g -O2 -fPIC conftest.f >&5
configure:13410: $? = 0
configure:13423: result: yes
configure:13451: checking if f95 static flag -static works
configure:13479: result: yes
configure:13489: checking if f95 supports -c -o file.o
configure:13510: f95 -c -g -O2 -o out/conftest2.o conftest.f >&5
configure:13514: $? = 0
configure:13536: result: yes
configure:13562: checking whether the f95 linker (/usr/bin/ld -m elf_x86_64) supports shared libraries
configure:14500: result: yes
configure:14567: checking dynamic linker characteristics
configure:14960: f95 -c -g -O2 conftest.f >&5
Warning: conftest.f:1: Illegal preprocessor directive
configure:14963: $? = 0
configure:15176: result: GNU/Linux ld.so
configure:15185: checking how to hardcode library paths into programs
configure:15210: result: immediate
configure:18904: checking whether the linker accepts -Wl,--no-as-needed
configure:18928: gcc -o conftest -g -O2  -Wl,--no-as-needed conftest.c  >&5
configure:18934: $? = 0
configure:18938: test -z 
			 || test ! -s conftest.err
configure:18941: $? = 0
configure:18944: test -s conftest
configure:18947: $? = 0
configure:18962: result: yes
configure:18972: checking whether /usr/bin/ld -m elf_x86_64 knows -Wl,--no-undefined
configure:18985: gcc -o conftest -g -O2  -Wl,--no-undefined conftest.c  >&5
configure:18991: $? = 0
configure:18995: test -z 
			 || test ! -s conftest.err
configure:18998: $? = 0
configure:19001: test -s conftest
configure:19004: $? = 0
configure:19006: result: yes
configure:19044: checking linux/dccp.h usability
configure:19056: gcc -c -g -O2  conftest.c >&5
configure:19062: $? = 0
configure:19066: test -z 
			 || test ! -s conftest.err
configure:19069: $? = 0
configure:19072: test -s conftest.o
configure:19075: $? = 0
configure:19085: result: yes
configure:19089: checking linux/dccp.h presence
configure:19099: gcc -E  conftest.c
configure:19105: $? = 0
configure:19125: result: yes
configure:19160: checking for linux/dccp.h
configure:19167: result: yes
configure:19044: checking linux/ip_vs.h usability
configure:19056: gcc -c -g -O2  conftest.c >&5
conftest.c:60:25: error: linux/ip_vs.h: No such file or directory
configure:19062: $? = 1
configure: failed program was:
| /* confdefs.h.  */
| 
| #define PACKAGE_NAME "iptables"
| #define PACKAGE_TARNAME "iptables"
| #define PACKAGE_VERSION "1.6.0"
| #define PACKAGE_STRING "iptables 1.6.0"
| #define PACKAGE_BUGREPORT ""
| #define PACKAGE "iptables"
| #define VERSION "1.6.0"
| #define STDC_HEADERS 1
| #define HAVE_SYS_TYPES_H 1
| #define HAVE_SYS_STAT_H 1
| #define HAVE_STDLIB_H 1
| #define HAVE_STRING_H 1
| #define HAVE_MEMORY_H 1
| #define HAVE_STRINGS_H 1
| #define HAVE_INTTYPES_H 1
| #define HAVE_STDINT_H 1
| #define HAVE_UNISTD_H 1
| #define HAVE_DLFCN_H 1
| #ifdef __cplusplus
| extern "C" void std::exit (int) throw (); using std::exit;
| #endif
| #define HAVE_LINUX_DCCP_H 1
| /* end confdefs.h.  */
| #include <stdio.h>
| #if HAVE_SYS_TYPES_H
| # include <sys/types.h>
| #endif
| #if HAVE_SYS_STAT_H
| # include <sys/stat.h>
| #endif
| #if STDC_HEADERS
| # include <stdlib.h>
| # include <stddef.h>
| #else
| # if HAVE_STDLIB_H
| #  include <stdlib.h>
| # endif
| #endif
| #if HAVE_STRING_H
| # if !STDC_HEADERS && HAVE_MEMORY_H
| #  include <memory.h>
| # endif
| # include <string.h>
| #endif
| #if HAVE_STRINGS_H
| # include <strings.h>
| #endif
| #if HAVE_INTTYPES_H
| # include <inttypes.h>
| #else
| # if HAVE_STDINT_H
| #  include <stdint.h>
| # endif
| #endif
| #if HAVE_UNISTD_H
| # include <unistd.h>
| #endif
| #include <linux/ip_vs.h>
configure:19085: result: no
configure:19089: checking linux/ip_vs.h presence
configure:19099: gcc -E  conftest.c
conftest.c:26:25: error: linux/ip_vs.h: No such file or directory
configure:19105: $? = 1
configure: failed program was:
| /* confdefs.h.  */
| 
| #define PACKAGE_NAME "iptables"
| #define PACKAGE_TARNAME "iptables"
| #define PACKAGE_VERSION "1.6.0"
| #define PACKAGE_STRING "iptables 1.6.0"
| #define PACKAGE_BUGREPORT ""
| #define PACKAGE "iptables"
| #define VERSION "1.6.0"
| #define STDC_HEADERS 1
| #define HAVE_SYS_TYPES_H 1
| #define HAVE_SYS_STAT_H 1
| #define HAVE_STDLIB_H 1
| #define HAVE_STRING_H 1
| #define HAVE_MEMORY_H 1
| #define HAVE_STRINGS_H 1
| #define HAVE_INTTYPES_H 1
| #define HAVE_STDINT_H 1
| #define HAVE_UNISTD_H 1
| #define HAVE_DLFCN_H 1
| #ifdef __cplusplus
| extern "C" void std::exit (int) throw (); using std::exit;
| #endif
| #define HAVE_LINUX_DCCP_H 1
| /* end confdefs.h.  */
| #include <linux/ip_vs.h>
configure:19125: result: no
configure:19160: checking for linux/ip_vs.h
configure:19167: result: no
configure:19044: checking linux/magic.h usability
configure:19056: gcc -c -g -O2  conftest.c >&5
conftest.c:60:25: error: linux/magic.h: No such file or directory
configure:19062: $? = 1
configure: failed program was:
| /* confdefs.h.  */
| 
| #define PACKAGE_NAME "iptables"
| #define PACKAGE_TARNAME "iptables"
| #define PACKAGE_VERSION "1.6.0"
| #define PACKAGE_STRING "iptables 1.6.0"
| #define PACKAGE_BUGREPORT ""
| #define PACKAGE "iptables"
| #define VERSION "1.6.0"
| #define STDC_HEADERS 1
| #define HAVE_SYS_TYPES_H 1
| #define HAVE_SYS_STAT_H 1
| #define HAVE_STDLIB_H 1
| #define HAVE_STRING_H 1
| #define HAVE_MEMORY_H 1
| #define HAVE_STRINGS_H 1
| #define HAVE_INTTYPES_H 1
| #define HAVE_STDINT_H 1
| #define HAVE_UNISTD_H 1
| #define HAVE_DLFCN_H 1
| #ifdef __cplusplus
| extern "C" void std::exit (int) throw (); using std::exit;
| #endif
| #define HAVE_LINUX_DCCP_H 1
| /* end confdefs.h.  */
| #include <stdio.h>
| #if HAVE_SYS_TYPES_H
| # include <sys/types.h>
| #endif
| #if HAVE_SYS_STAT_H
| # include <sys/stat.h>
| #endif
| #if STDC_HEADERS
| # include <stdlib.h>
| # include <stddef.h>
| #else
| # if HAVE_STDLIB_H
| #  include <stdlib.h>
| # endif
| #endif
| #if HAVE_STRING_H
| # if !STDC_HEADERS && HAVE_MEMORY_H
| #  include <memory.h>
| # endif
| # include <string.h>
| #endif
| #if HAVE_STRINGS_H
| # include <strings.h>
| #endif
| #if HAVE_INTTYPES_H
| # include <inttypes.h>
| #else
| # if HAVE_STDINT_H
| #  include <stdint.h>
| # endif
| #endif
| #if HAVE_UNISTD_H
| # include <unistd.h>
| #endif
| #include <linux/magic.h>
configure:19085: result: no
configure:19089: checking linux/magic.h presence
configure:19099: gcc -E  conftest.c
conftest.c:26:25: error: linux/magic.h: No such file or directory
configure:19105: $? = 1
configure: failed program was:
| /* confdefs.h.  */
| 
| #define PACKAGE_NAME "iptables"
| #define PACKAGE_TARNAME "iptables"
| #define PACKAGE_VERSION "1.6.0"
| #define PACKAGE_STRING "iptables 1.6.0"
| #define PACKAGE_BUGREPORT ""
| #define PACKAGE "iptables"
| #define VERSION "1.6.0"
| #define STDC_HEADERS 1
| #define HAVE_SYS_TYPES_H 1
| #define HAVE_SYS_STAT_H 1
| #define HAVE_STDLIB_H 1
| #define HAVE_STRING_H 1
| #define HAVE_MEMORY_H 1
| #define HAVE_STRINGS_H 1
| #define HAVE_INTTYPES_H 1
| #define HAVE_STDINT_H 1
| #define HAVE_UNISTD_H 1
| #define HAVE_DLFCN_H 1
| #ifdef __cplusplus
| extern "C" void std::exit (int) throw (); using std::exit;
| #endif
| #define HAVE_LINUX_DCCP_H 1
| /* end confdefs.h.  */
| #include <linux/magic.h>
configure:19125: result: no
configure:19160: checking for linux/magic.h
configure:19167: result: no
configure:19044: checking linux/proc_fs.h usability
configure:19056: gcc -c -g -O2  conftest.c >&5
conftest.c:60:27: error: linux/proc_fs.h: No such file or directory
configure:19062: $? = 1
configure: failed program was:
| /* confdefs.h.  */
| 
| #define PACKAGE_NAME "iptables"
| #define PACKAGE_TARNAME "iptables"
| #define PACKAGE_VERSION "1.6.0"
| #define PACKAGE_STRING "iptables 1.6.0"
| #define PACKAGE_BUGREPORT ""
| #define PACKAGE "iptables"
| #define VERSION "1.6.0"
| #define STDC_HEADERS 1
| #define HAVE_SYS_TYPES_H 1
| #define HAVE_SYS_STAT_H 1
| #define HAVE_STDLIB_H 1
| #define HAVE_STRING_H 1
| #define HAVE_MEMORY_H 1
| #define HAVE_STRINGS_H 1
| #define HAVE_INTTYPES_H 1
| #define HAVE_STDINT_H 1
| #define HAVE_UNISTD_H 1
| #define HAVE_DLFCN_H 1
| #ifdef __cplusplus
| extern "C" void std::exit (int) throw (); using std::exit;
| #endif
| #define HAVE_LINUX_DCCP_H 1
| /* end confdefs.h.  */
| #include <stdio.h>
| #if HAVE_SYS_TYPES_H
| # include <sys/types.h>
| #endif
| #if HAVE_SYS_STAT_H
| # include <sys/stat.h>
| #endif
| #if STDC_HEADERS
| # include <stdlib.h>
| # include <stddef.h>
| #else
| # if HAVE_STDLIB_H
| #  include <stdlib.h>
| # endif
| #endif
| #if HAVE_STRING_H
| # if !STDC_HEADERS && HAVE_MEMORY_H
| #  include <memory.h>
| # endif
| # include <string.h>
| #endif
| #if HAVE_STRINGS_H
| # include <strings.h>
| #endif
| #if HAVE_INTTYPES_H
| # include <inttypes.h>
| #else
| # if HAVE_STDINT_H
| #  include <stdint.h>
| # endif
| #endif
| #if HAVE_UNISTD_H
| # include <unistd.h>
| #endif
| #include <linux/proc_fs.h>
configure:19085: result: no
configure:19089: checking linux/proc_fs.h presence
configure:19099: gcc -E  conftest.c
conftest.c:26:27: error: linux/proc_fs.h: No such file or directory
configure:19105: $? = 1
configure: failed program was:
| /* confdefs.h.  */
| 
| #define PACKAGE_NAME "iptables"
| #define PACKAGE_TARNAME "iptables"
| #define PACKAGE_VERSION "1.6.0"
| #define PACKAGE_STRING "iptables 1.6.0"
| #define PACKAGE_BUGREPORT ""
| #define PACKAGE "iptables"
| #define VERSION "1.6.0"
| #define STDC_HEADERS 1
| #define HAVE_SYS_TYPES_H 1
| #define HAVE_SYS_STAT_H 1
| #define HAVE_STDLIB_H 1
| #define HAVE_STRING_H 1
| #define HAVE_MEMORY_H 1
| #define HAVE_STRINGS_H 1
| #define HAVE_INTTYPES_H 1
| #define HAVE_STDINT_H 1
| #define HAVE_UNISTD_H 1
| #define HAVE_DLFCN_H 1
| #ifdef __cplusplus
| extern "C" void std::exit (int) throw (); using std::exit;
| #endif
| #define HAVE_LINUX_DCCP_H 1
| /* end confdefs.h.  */
| #include <linux/proc_fs.h>
configure:19125: result: no
configure:19160: checking for linux/proc_fs.h
configure:19167: result: no
configure:19187: checking for struct ip6_hdr
configure:19212: gcc -c -g -O2  conftest.c >&5
configure:19218: $? = 0
configure:19222: test -z 
			 || test ! -s conftest.err
configure:19225: $? = 0
configure:19228: test -s conftest.o
configure:19231: $? = 0
configure:19242: result: yes
configure:19245: checking size of struct ip6_hdr
configure:19570: gcc -o conftest -g -O2   conftest.c  >&5
configure:19573: $? = 0
configure:19575: ./conftest
configure:19578: $? = 0
configure:19601: result: 40
configure:19849: checking for pkg-config
configure:19867: found /usr/bin/pkg-config
configure:19879: result: /usr/bin/pkg-config
configure:19894: checking pkg-config is at least version 0.9.0
configure:19897: result: yes
configure:19908: checking for libnfnetlink
configure:19916: $PKG_CONFIG --exists --print-errors "libnfnetlink >= 1.0"
Package libnfnetlink was not found in the pkg-config search path.
Perhaps you should add the directory containing `libnfnetlink.pc'
to the PKG_CONFIG_PATH environment variable
No package 'libnfnetlink' found
configure:19919: $? = 1
configure:19934: $PKG_CONFIG --exists --print-errors "libnfnetlink >= 1.0"
Package libnfnetlink was not found in the pkg-config search path.
Perhaps you should add the directory containing `libnfnetlink.pc'
to the PKG_CONFIG_PATH environment variable
No package 'libnfnetlink' found
configure:19937: $? = 1
No package 'libnfnetlink' found
configure:19965: result: no
configure:20513: checking for libnetfilter_conntrack
configure:20521: $PKG_CONFIG --exists --print-errors "libnetfilter_conntrack >= 1.0.4"
Package libnetfilter_conntrack was not found in the pkg-config search path.
Perhaps you should add the directory containing `libnetfilter_conntrack.pc'
to the PKG_CONFIG_PATH environment variable
No package 'libnetfilter_conntrack' found
configure:20524: $? = 1
configure:20539: $PKG_CONFIG --exists --print-errors "libnetfilter_conntrack >= 1.0.4"
Package libnetfilter_conntrack was not found in the pkg-config search path.
Perhaps you should add the directory containing `libnetfilter_conntrack.pc'
to the PKG_CONFIG_PATH environment variable
No package 'libnetfilter_conntrack' found
configure:20542: $? = 1
No package 'libnetfilter_conntrack' found
configure:20570: result: no
configure:20862: creating ./config.status

## ---------------------- ##
## Running config.status. ##
## ---------------------- ##

This file was extended by iptables config.status 1.6.0, which was
generated by GNU Autoconf 2.59.  Invocation command line was

  CONFIG_FILES    = 
  CONFIG_HEADERS  = 
  CONFIG_LINKS    = 
  CONFIG_COMMANDS = 
  $ ./config.status 

on bogon

config.status:798: creating Makefile
config.status:798: creating extensions/GNUmakefile
config.status:798: creating include/Makefile
config.status:798: creating iptables/Makefile
config.status:798: creating iptables/xtables.pc
config.status:798: creating iptables/iptables.8
config.status:798: creating iptables/iptables-extensions.8.tmpl
config.status:798: creating iptables/iptables-save.8
config.status:798: creating iptables/iptables-restore.8
config.status:798: creating iptables/iptables-apply.8
config.status:798: creating iptables/iptables-xml.1
config.status:798: creating libipq/Makefile
config.status:798: creating libipq/libipq.pc
config.status:798: creating libiptc/Makefile
config.status:798: creating libiptc/libiptc.pc
config.status:798: creating libiptc/libip4tc.pc
config.status:798: creating libiptc/libip6tc.pc
config.status:798: creating libxtables/Makefile
config.status:798: creating utils/Makefile
config.status:798: creating include/xtables-version.h
config.status:798: creating include/iptables/internal.h
config.status:902: creating config.h
config.status:1014: config.h is unchanged
config.status:1194: executing depfiles commands

## ---------------- ##
## Cache variables. ##
## ---------------- ##

ac_cv_build=x86_64-unknown-linux-gnu
ac_cv_build_alias=x86_64-unknown-linux-gnu
ac_cv_c_compiler_gnu=yes
ac_cv_cxx_compiler_gnu=yes
ac_cv_env_CC_set=
ac_cv_env_CC_value=
ac_cv_env_CFLAGS_set=
ac_cv_env_CFLAGS_value=
ac_cv_env_CPPFLAGS_set=
ac_cv_env_CPPFLAGS_value=
ac_cv_env_CPP_set=
ac_cv_env_CPP_value=
ac_cv_env_CXXCPP_set=
ac_cv_env_CXXCPP_value=
ac_cv_env_CXXFLAGS_set=
ac_cv_env_CXXFLAGS_value=
ac_cv_env_CXX_set=
ac_cv_env_CXX_value=
ac_cv_env_F77_set=
ac_cv_env_F77_value=
ac_cv_env_FFLAGS_set=
ac_cv_env_FFLAGS_value=
ac_cv_env_LDFLAGS_set=
ac_cv_env_LDFLAGS_value=
ac_cv_env_PKG_CONFIG_set=
ac_cv_env_PKG_CONFIG_value=
ac_cv_env_build_alias_set=
ac_cv_env_build_alias_value=
ac_cv_env_host_alias_set=
ac_cv_env_host_alias_value=
ac_cv_env_libmnl_CFLAGS_set=
ac_cv_env_libmnl_CFLAGS_value=
ac_cv_env_libmnl_LIBS_set=
ac_cv_env_libmnl_LIBS_value=
ac_cv_env_libnetfilter_conntrack_CFLAGS_set=
ac_cv_env_libnetfilter_conntrack_CFLAGS_value=
ac_cv_env_libnetfilter_conntrack_LIBS_set=
ac_cv_env_libnetfilter_conntrack_LIBS_value=
ac_cv_env_libnfnetlink_CFLAGS_set=
ac_cv_env_libnfnetlink_CFLAGS_value=
ac_cv_env_libnfnetlink_LIBS_set=
ac_cv_env_libnfnetlink_LIBS_value=
ac_cv_env_libnftnl_CFLAGS_set=
ac_cv_env_libnftnl_CFLAGS_value=
ac_cv_env_libnftnl_LIBS_set=
ac_cv_env_libnftnl_LIBS_value=
ac_cv_env_target_alias_set=
ac_cv_env_target_alias_value=
ac_cv_exeext=
ac_cv_f77_compiler_gnu=yes
ac_cv_header_dlfcn_h=yes
ac_cv_header_inttypes_h=yes
ac_cv_header_linux_dccp_h=yes
ac_cv_header_linux_ip_vs_h=no
ac_cv_header_linux_magic_h=no
ac_cv_header_linux_proc_fs_h=no
ac_cv_header_memory_h=yes
ac_cv_header_stdc=yes
ac_cv_header_stdint_h=yes
ac_cv_header_stdlib_h=yes
ac_cv_header_string_h=yes
ac_cv_header_strings_h=yes
ac_cv_header_sys_stat_h=yes
ac_cv_header_sys_types_h=yes
ac_cv_header_unistd_h=yes
ac_cv_host=x86_64-unknown-linux-gnu
ac_cv_host_alias=x86_64-unknown-linux-gnu
ac_cv_objext=o
ac_cv_path_ac_pt_PKG_CONFIG=/usr/bin/pkg-config
ac_cv_path_install='/usr/bin/install -c'
ac_cv_prog_AWK=gawk
ac_cv_prog_CPP='gcc -E'
ac_cv_prog_CXXCPP='g++ -E'
ac_cv_prog_ac_ct_AR=ar
ac_cv_prog_ac_ct_CC=gcc
ac_cv_prog_ac_ct_CXX=g++
ac_cv_prog_ac_ct_F77=f95
ac_cv_prog_ac_ct_RANLIB=ranlib
ac_cv_prog_ac_ct_STRIP=strip
ac_cv_prog_cc_g=yes
ac_cv_prog_cc_gcc_c_o=yes
ac_cv_prog_cc_stdc=
ac_cv_prog_cxx_g=yes
ac_cv_prog_egrep='grep -E'
ac_cv_prog_f77_g=yes
ac_cv_prog_make_make_set=yes
ac_cv_sizeof_struct_ip6_hdr=40
ac_cv_type_struct_ip6_hdr=yes
am_cv_CC_dependencies_compiler_type=gcc3
am_cv_CXX_dependencies_compiler_type=gcc3
ax_cv_linker_flags__Wl___no_as_needed=yes
lt_cv_deplibs_check_method=pass_all
lt_cv_file_magic_cmd='$MAGIC_CMD'
lt_cv_file_magic_test_file=
lt_cv_ld_reload_flag=-r
lt_cv_objdir=.libs
lt_cv_path_LD=/usr/bin/ld
lt_cv_path_LDCXX='/usr/bin/ld -m elf_x86_64'
lt_cv_path_NM='/usr/bin/nm -B'
lt_cv_path_SED=/bin/sed
lt_cv_prog_compiler_c_o=yes
lt_cv_prog_compiler_c_o_CXX=yes
lt_cv_prog_compiler_c_o_F77=yes
lt_cv_prog_compiler_rtti_exceptions=no
lt_cv_prog_gnu_ld=yes
lt_cv_prog_gnu_ldcxx=yes
lt_cv_sys_global_symbol_pipe='sed -n -e '\''s/^.*[ 	]\([ABCDGIRSTW][ABCDGIRSTW]*\)[ 	][ 	]*\([_A-Za-z][_A-Za-z0-9]*\)$/\1 \2 \2/p'\'''
lt_cv_sys_global_symbol_to_c_name_address='sed -n -e '\''s/^: \([^ ]*\) $/  {\"\1\", (lt_ptr) 0},/p'\'' -e '\''s/^[BCDEGRST] \([^ ]*\) \([^ ]*\)$/  {"\2", (lt_ptr) \&\2},/p'\'''
lt_cv_sys_global_symbol_to_cdecl='sed -n -e '\''s/^. .* \(.*\)$/extern int \1;/p'\'''
lt_cv_sys_max_cmd_len=32768
lt_lt_cv_prog_compiler_c_o='"yes"'
lt_lt_cv_prog_compiler_c_o_CXX='"yes"'
lt_lt_cv_prog_compiler_c_o_F77='"yes"'
lt_lt_cv_sys_global_symbol_pipe='"sed -n -e '\''s/^.*[ 	]\\([ABCDGIRSTW][ABCDGIRSTW]*\\)[ 	][ 	]*\\([_A-Za-z][_A-Za-z0-9]*\\)\$/\\1 \\2 \\2/p'\''"'
lt_lt_cv_sys_global_symbol_to_c_name_address='"sed -n -e '\''s/^: \\([^ ]*\\) \$/  {\\\"\\1\\\", (lt_ptr) 0},/p'\'' -e '\''s/^[BCDEGRST] \\([^ ]*\\) \\([^ ]*\\)\$/  {\"\\2\", (lt_ptr) \\&\\2},/p'\''"'
lt_lt_cv_sys_global_symbol_to_cdecl='"sed -n -e '\''s/^. .* \\(.*\\)\$/extern int \\1;/p'\''"'

## ----------------- ##
## Output variables. ##
## ----------------- ##

ACLOCAL='${SHELL} /home/haizhi/download/iptables_igt/iptables-20160826/build-aux/missing --run aclocal-1.9'
AMDEPBACKSLASH='\'
AMDEP_FALSE='#'
AMDEP_TRUE=''
AMTAR='${SHELL} /home/haizhi/download/iptables_igt/iptables-20160826/build-aux/missing --run tar'
AR='ar'
AUTOCONF='${SHELL} /home/haizhi/download/iptables_igt/iptables-20160826/build-aux/missing --run autoconf'
AUTOHEADER='${SHELL} /home/haizhi/download/iptables_igt/iptables-20160826/build-aux/missing --run autoheader'
AUTOMAKE='${SHELL} /home/haizhi/download/iptables_igt/iptables-20160826/build-aux/missing --run automake-1.9'
AWK='gawk'
CC='gcc'
CCDEPMODE='depmode=gcc3'
CFLAGS='-g -O2'
CPP='gcc -E'
CPPFLAGS=''
CXX='g++'
CXXCPP='g++ -E'
CXXDEPMODE='depmode=gcc3'
CXXFLAGS='-g -O2'
CYGPATH_W='echo'
DEFS='-DHAVE_CONFIG_H'
DEPDIR='.deps'
ECHO='echo'
ECHO_C=''
ECHO_N='-n'
ECHO_T=''
EGREP='grep -E'
ENABLE_BPFC_FALSE=''
ENABLE_BPFC_TRUE='#'
ENABLE_CONNLABEL_FALSE='#'
ENABLE_CONNLABEL_TRUE=''
ENABLE_DEVEL_FALSE='#'
ENABLE_DEVEL_TRUE=''
ENABLE_IPV4_FALSE='#'
ENABLE_IPV4_TRUE=''
ENABLE_IPV6_FALSE=''
ENABLE_IPV6_TRUE='#'
ENABLE_LARGEFILE_FALSE='#'
ENABLE_LARGEFILE_TRUE=''
ENABLE_LIBIPQ_FALSE=''
ENABLE_LIBIPQ_TRUE='#'
ENABLE_NFTABLES_FALSE=''
ENABLE_NFTABLES_TRUE='#'
ENABLE_SHARED_FALSE='#'
ENABLE_SHARED_TRUE=''
ENABLE_STATIC_FALSE=''
ENABLE_STATIC_TRUE='#'
ENABLE_SYNCONF_FALSE=''
ENABLE_SYNCONF_TRUE='#'
EXEEXT=''
F77='f95'
FFLAGS='-g -O2'
HAVE_LIBMNL_FALSE=''
HAVE_LIBMNL_TRUE='#'
HAVE_LIBNETFILTER_CONNTRACK_FALSE=''
HAVE_LIBNETFILTER_CONNTRACK_TRUE='#'
HAVE_LIBNFNETLINK_FALSE=''
HAVE_LIBNFNETLINK_TRUE='#'
HAVE_LIBNFTNL_FALSE=''
HAVE_LIBNFTNL_TRUE='#'
INSTALL_DATA='${INSTALL} -m 644'
INSTALL_PROGRAM='${INSTALL}'
INSTALL_SCRIPT='${INSTALL}'
INSTALL_STRIP_PROGRAM='${SHELL} $(install_sh) -c -s'
LDFLAGS=''
LEX=''
LEXLIB=''
LEX_OUTPUT_ROOT=''
LIBOBJS=''
LIBS=''
LIBTOOL='$(SHELL) $(top_builddir)/libtool'
LN_S='ln -s'
LTLIBOBJS=''
MAKEINFO='${SHELL} /home/haizhi/download/iptables_igt/iptables-20160826/build-aux/missing --run makeinfo'
OBJEXT='o'
PACKAGE='iptables'
PACKAGE_BUGREPORT=''
PACKAGE_NAME='iptables'
PACKAGE_STRING='iptables 1.6.0'
PACKAGE_TARNAME='iptables'
PACKAGE_VERSION='1.6.0'
PATH_SEPARATOR=':'
PKG_CONFIG='/usr/bin/pkg-config'
RANLIB='ranlib'
SED='/bin/sed'
SET_MAKE=''
SHELL='/bin/sh'
STRIP='strip'
VERSION='1.6.0'
YACC=''
ac_ct_AR='ar'
ac_ct_CC='gcc'
ac_ct_CXX='g++'
ac_ct_F77='f95'
ac_ct_RANLIB='ranlib'
ac_ct_STRIP='strip'
ac_pt_PKG_CONFIG='/usr/bin/pkg-config'
am__fastdepCC_FALSE='#'
am__fastdepCC_TRUE=''
am__fastdepCXX_FALSE='#'
am__fastdepCXX_TRUE=''
am__include='include'
am__leading_dot='.'
am__quote=''
am__tar='${AMTAR} chof - "$$tardir"'
am__untar='${AMTAR} xf -'
bindir='${exec_prefix}/bin'
blacklist_4_modules=''
blacklist_6_modules=''
blacklist_a_modules=' mangle'
blacklist_b_modules=' limit mark nflog mangle'
blacklist_modules=' ipvs connlabel'
blacklist_x_modules=''
build='x86_64-unknown-linux-gnu'
build_alias=''
build_cpu='x86_64'
build_os='linux-gnu'
build_vendor='unknown'
datadir='${prefix}/share'
exec_prefix='${prefix}'
host='x86_64-unknown-linux-gnu'
host_alias=''
host_cpu='x86_64'
host_os='linux-gnu'
host_vendor='unknown'
includedir='${prefix}/include'
infodir='${prefix}/info'
install_sh='/home/haizhi/download/iptables_igt/iptables-20160826/build-aux/install-sh'
kbuilddir=''
kinclude_CPPFLAGS=''
ksourcedir=''
libdir='${exec_prefix}/lib'
libexecdir='${exec_prefix}/libexec'
libiptc_LDFLAGS2='-Wl,--no-as-needed'
libmnl_CFLAGS=''
libmnl_LIBS=''
libnetfilter_conntrack_CFLAGS=''
libnetfilter_conntrack_LIBS=''
libnfnetlink_CFLAGS=''
libnfnetlink_LIBS=''
libnftnl_CFLAGS=''
libnftnl_LIBS=''
libxtables_vage='0'
libxtables_vcurrent='12'
libxtables_vmajor='12'
localstatedir='${prefix}/var'
mandir='${prefix}/man'
mkdir_p='mkdir -p --'
noundef_LDFLAGS='-Wl,--no-undefined'
oldincludedir='/usr/include'
pkgconfigdir='${libdir}/pkgconfig'
pkgdatadir='${datadir}/xtables'
prefix='/home/haizhi/download/iptables_igt/iptables-20160826/tmp_install'
program_transform_name='s,x,x,'
regular_CFLAGS='-Wall -Waggregate-return -Wmissing-declarations 	-Wmissing-prototypes -Wredundant-decls -Wshadow -Wstrict-prototypes 	-Winline -pipe'
regular_CPPFLAGS='-D_LARGEFILE_SOURCE=1 -D_LARGE_FILES -D_FILE_OFFSET_BITS=64 -D_REENTRANT 	-DXTABLES_LIBDIR=\"${xtlibdir}\" -DXTABLES_INTERNAL'
sbindir='${exec_prefix}/sbin'
sharedstatedir='${prefix}/com'
sysconfdir='${prefix}/etc'
target_alias=''
xtlibdir='${exec_prefix}/lib/xtables'

## ----------- ##
## confdefs.h. ##
## ----------- ##

#define HAVE_DLFCN_H 1
#define HAVE_INTTYPES_H 1
#define HAVE_LINUX_DCCP_H 1
#define HAVE_MEMORY_H 1
#define HAVE_STDINT_H 1
#define HAVE_STDLIB_H 1
#define HAVE_STRINGS_H 1
#define HAVE_STRING_H 1
#define HAVE_SYS_STAT_H 1
#define HAVE_SYS_TYPES_H 1
#define HAVE_UNISTD_H 1
#define PACKAGE "iptables"
#define PACKAGE_BUGREPORT ""
#define PACKAGE_NAME "iptables"
#define PACKAGE_STRING "iptables 1.6.0"
#define PACKAGE_TARNAME "iptables"
#define PACKAGE_VERSION "1.6.0"
#define SIZEOF_STRUCT_IP6_HDR 40
#define STDC_HEADERS 1
#define VERSION "1.6.0"
#endif
#ifdef __cplusplus
extern "C" void std::exit (int) throw (); using std::exit;

configure: exit 0
